<?xml version="1.0" encoding="UTF-8"?>
<!-- Generated by org.testng.reporters.JUnitReportReporter -->
<testsuite hostname="stn180.novalnet.che" failures="0" tests="2" name="selenium.features.WebDriverManagerTest" time="29.257" errors="0" timestamp="2023-03-15T11:43:31 IST" skipped="0">
  <testcase classname="selenium.features.WebDriverManagerTest" name="launchChrome" time="3.050"/>
  <system-out/>
  <testcase classname="selenium.features.WebDriverManagerTest" name="launchFirefox" time="26.207"/>
  <system-out/>
</testsuite> <!-- selenium.features.WebDriverManagerTest -->
